


ARM Macro Assembler    Page 1 


    1 00000000         ;/******************************************************
                       ********************//**
    2 00000000         ; * @file     startup_LPC17xx.s
    3 00000000         ; * @brief    CMSIS Cortex-M3 Core Device Startup File f
                       or
    4 00000000         ; *           NXP LPC17xx Device Series
    5 00000000         ; * @version  V1.10
    6 00000000         ; * @date     06. April 2011
    7 00000000         ; *
    8 00000000         ; * @note
    9 00000000         ; * Copyright (C) 2009-2011 ARM Limited. All rights rese
                       rved.
   10 00000000         ; *
   11 00000000         ; * @par
   12 00000000         ; * ARM Limited (ARM) is supplying this software for use
                        with Cortex-M
   13 00000000         ; * processor based microcontrollers.  This file can be 
                       freely distributed
   14 00000000         ; * within development tools that are supporting such AR
                       M based processors.
   15 00000000         ; *
   16 00000000         ; * @par
   17 00000000         ; * THIS SOFTWARE IS PROVIDED "AS IS".  NO WARRANTIES, W
                       HETHER EXPRESS, IMPLIED
   18 00000000         ; * OR STATUTORY, INCLUDING, BUT NOT LIMITED TO, IMPLIED
                        WARRANTIES OF
   19 00000000         ; * MERCHANTABILITY AND FITNESS FOR A PARTICULAR PURPOSE
                        APPLY TO THIS SOFTWARE.
   20 00000000         ; * ARM SHALL NOT, IN ANY CIRCUMSTANCES, BE LIABLE FOR S
                       PECIAL, INCIDENTAL, OR
   21 00000000         ; * CONSEQUENTIAL DAMAGES, FOR ANY REASON WHATSOEVER.
   22 00000000         ; *
   23 00000000         ; ******************************************************
                       ************************/
   24 00000000         
   25 00000000         ; *------- <<< Use Configuration Wizard in Context Menu 
                       >>> ------------------
   26 00000000         
   27 00000000         ; <h> Stack Configuration
   28 00000000         ;   <o> Stack Size (in Bytes) <0x0-0xFFFFFFFF:8>
   29 00000000         ; </h>
   30 00000000         
   31 00000000 00000200 
                       Stack_Size
                               EQU              0x00000200
   32 00000000         
   33 00000000                 AREA             STACK, NOINIT, READWRITE, ALIGN
=3
   34 00000000         Stack_Mem
                               SPACE            Stack_Size
   35 00000200         __initial_sp
   36 00000200         
   37 00000200         
   38 00000200         ; <h> Heap Configuration
   39 00000200         ;   <o>  Heap Size (in Bytes) <0x0-0xFFFFFFFF:8>
   40 00000200         ; </h>
   41 00000200         
   42 00000200 00000000 
                       Heap_Size



ARM Macro Assembler    Page 2 


                               EQU              0x00000000
   43 00000200         
   44 00000200                 AREA             HEAP, NOINIT, READWRITE, ALIGN=
3
   45 00000000         __heap_base
   46 00000000         Heap_Mem
                               SPACE            Heap_Size
   47 00000000         __heap_limit
   48 00000000         
   49 00000000         
   50 00000000                 PRESERVE8
   51 00000000                 THUMB
   52 00000000         
   53 00000000         
   54 00000000         ; Vector Table Mapped to Address 0 at Reset
   55 00000000         
   56 00000000                 AREA             RESET, DATA, READONLY
   57 00000000                 EXPORT           __Vectors
   58 00000000         
   59 00000000 00000000 
                       __Vectors
                               DCD              __initial_sp ; Top of Stack
   60 00000004 00000000        DCD              Reset_Handler ; Reset Handler
   61 00000008 00000000        DCD              NMI_Handler ; NMI Handler
   62 0000000C 00000000        DCD              HardFault_Handler ; Hard Fault 
                                                            Handler
   63 00000010 00000000        DCD              MemManage_Handler 
                                                            ; MPU Fault Handler
                                                            
   64 00000014 00000000        DCD              BusFault_Handler 
                                                            ; Bus Fault Handler
                                                            
   65 00000018 00000000        DCD              UsageFault_Handler ; Usage Faul
                                                            t Handler
   66 0000001C 00000000        DCD              0           ; Reserved
   67 00000020 00000000        DCD              0           ; Reserved
   68 00000024 00000000        DCD              0           ; Reserved
   69 00000028 00000000        DCD              0           ; Reserved
   70 0000002C 00000000        DCD              SVC_Handler ; SVCall Handler
   71 00000030 00000000        DCD              DebugMon_Handler ; Debug Monito
                                                            r Handler
   72 00000034 00000000        DCD              0           ; Reserved
   73 00000038 00000000        DCD              PendSV_Handler ; PendSV Handler
                                                            
   74 0000003C 00000000        DCD              SysTick_Handler 
                                                            ; SysTick Handler
   75 00000040         
   76 00000040         ; External Interrupts
   77 00000040 00000000        DCD              WDT_IRQHandler ; 16: Watchdog T
                                                            imer
   78 00000044 00000000        DCD              TIMER0_IRQHandler ; 17: Timer0
   79 00000048 00000000        DCD              TIMER1_IRQHandler ; 18: Timer1
   80 0000004C 00000000        DCD              TIMER2_IRQHandler ; 19: Timer2
   81 00000050 00000000        DCD              TIMER3_IRQHandler ; 20: Timer3
   82 00000054 00000000        DCD              UART0_IRQHandler ; 21: UART0
   83 00000058 00000000        DCD              UART1_IRQHandler ; 22: UART1
   84 0000005C 00000000        DCD              UART2_IRQHandler ; 23: UART2
   85 00000060 00000000        DCD              UART3_IRQHandler ; 24: UART3
   86 00000064 00000000        DCD              PWM1_IRQHandler ; 25: PWM1



ARM Macro Assembler    Page 3 


   87 00000068 00000000        DCD              I2C0_IRQHandler ; 26: I2C0
   88 0000006C 00000000        DCD              I2C1_IRQHandler ; 27: I2C1
   89 00000070 00000000        DCD              I2C2_IRQHandler ; 28: I2C2
   90 00000074 00000000        DCD              SPI_IRQHandler ; 29: SPI
   91 00000078 00000000        DCD              SSP0_IRQHandler ; 30: SSP0
   92 0000007C 00000000        DCD              SSP1_IRQHandler ; 31: SSP1
   93 00000080 00000000        DCD              PLL0_IRQHandler ; 32: PLL0 Lock
                                                             (Main PLL)
   94 00000084 00000000        DCD              RTC_IRQHandler ; 33: Real Time 
                                                            Clock
   95 00000088 00000000        DCD              EINT0_IRQHandler ; 34: External
                                                             Interrupt 0
   96 0000008C 00000000        DCD              EINT1_IRQHandler ; 35: External
                                                             Interrupt 1
   97 00000090 00000000        DCD              EINT2_IRQHandler ; 36: External
                                                             Interrupt 2
   98 00000094 00000000        DCD              EINT3_IRQHandler ; 37: External
                                                             Interrupt 3
   99 00000098 00000000        DCD              ADC_IRQHandler 
                                                            ; 38: A/D Converter
                                                            
  100 0000009C 00000000        DCD              BOD_IRQHandler ; 39: Brown-Out 
                                                            Detect
  101 000000A0 00000000        DCD              USB_IRQHandler ; 40: USB
  102 000000A4 00000000        DCD              CAN_IRQHandler ; 41: CAN
  103 000000A8 00000000        DCD              DMA_IRQHandler ; 42: General Pu
                                                            rpose DMA
  104 000000AC 00000000        DCD              I2S_IRQHandler ; 43: I2S
  105 000000B0 00000000        DCD              ENET_IRQHandler ; 44: Ethernet
  106 000000B4 00000000        DCD              RIT_IRQHandler ; 45: Repetitive
                                                             Interrupt Timer
  107 000000B8 00000000        DCD              MCPWM_IRQHandler ; 46: Motor Co
                                                            ntrol PWM
  108 000000BC 00000000        DCD              QEI_IRQHandler ; 47: Quadrature
                                                             Encoder Interface
  109 000000C0 00000000        DCD              PLL1_IRQHandler ; 48: PLL1 Lock
                                                             (USB PLL)
  110 000000C4 00000000        DCD              USBActivity_IRQHandler ; 49: US
                                                            B Activity interrup
                                                            t to wakeup
  111 000000C8 00000000        DCD              CANActivity_IRQHandler ; 50: CA
                                                            N Activity interrup
                                                            t to wakeup
  112 000000CC         
  113 000000CC         
  114 000000CC                 IF               :LNOT::DEF:NO_CRP
  115 000000CC                 AREA             |.ARM.__at_0x02FC|, CODE, READO
NLY
  116 00000000 FFFFFFFF 
                       CRP_Key DCD              0xFFFFFFFF
  117 00000004                 ENDIF
  118 00000004         
  119 00000004         
  120 00000004                 AREA             |.text|, CODE, READONLY, align=
3
  121 00000000         
  122 00000000        1 
                       Days    RN               1
  123 00000000        2 



ARM Macro Assembler    Page 4 


                       Calories_food
                               RN               2
  124 00000000        3 
                       Calories_sport
                               RN               3
  125 00000000        4 
                       Num_days
                               RN               4
  126 00000000        5 
                       Num_days_sport
                               RN               5
  127 00000000        6 
                       i       RN               6
  128 00000000        7 
                       tmp7    RN               7
  129 00000000        8 
                       tmp8    RN               8
  130 00000000        9 
                       tmp9    RN               9
  131 00000000        A 
                       j       RN               10
  132 00000000        B 
                       Result  RN               11
  133 00000000        C 
                       tmp12   RN               12
  134 00000000         
  135 00000000         
  136 00000000         ; Reset Handler
  137 00000000         
  138 00000000         Reset_Handler
                               PROC
  139 00000000                 EXPORT           Reset_Handler             [WEAK
]
  140 00000000 4816            LDR              R0, =Reset_Handler
  141 00000002         
  142 00000002 F04F 0600       MOV              i, #0       ; initialize loop i
                                                            ndex
  143 00000006 F04F 0B00       MOV              Result, #0  ; initialize result
                                                            
  144 0000000A         
  145 0000000A         ; loads the array indeces in the registers
  146 0000000A 4915            LDR              Days, =_Days
  147 0000000C 4B15            LDR              Calories_sport, =_Calories_spor
t
  148 0000000E 4C16            LDR              Num_days, =_Num_days
  149 00000010 7824            LDRB             Num_days, [Num_days]
  150 00000012 4D16            LDR              Num_days_sport, =_Num_days_spor
t
  151 00000014 782D            LDRB             Num_days_sport, [Num_days_sport
]
  152 00000016         
  153 00000016 42B4    loop_days
                               CMP              Num_days, i
  154 00000018 DD1F            BLE              end_loop_days
  155 0000001A         
  156 0000001A F811 7B01       LDRB             tmp7, [Days], #1
  157 0000001E 4A14            LDR              Calories_food, =_Calories_food
  158 00000020         
  159 00000020 F852 8B08 



ARM Macro Assembler    Page 5 


                       loop_calories_food
                               LDR              tmp8, [Calories_food], #8
  160 00000024 4547            CMP              tmp7, tmp8
  161 00000026 D1FB            BNE              loop_calories_food
  162 00000028         
  163 00000028 F852 CC04       LDR              tmp12, [Calories_food, #-4] ; s
                                                            otres the calories 
                                                            value of food in tm
                                                            p12 without updatin
                                                            g it
  164 0000002C 4B0D            LDR              Calories_sport, =_Calories_spor
t
  165 0000002E F04F 0A00       MOV              j, #0       ; initialize loop i
                                                            ndex
  166 00000032         
  167 00000032 45AA    loop_calories_sport
                               CMP              j, Num_days_sport
  168 00000034 D509            BPL              end_loop_calories_sport
  169 00000036         
  170 00000036 F853 9B08       LDR              tmp9, [Calories_sport], #8
  171 0000003A F10A 0A01       ADD              j, j, #1
  172 0000003E 45C1            CMP              tmp9, tmp8
  173 00000040 D1F7            BNE              loop_calories_sport
  174 00000042         
  175 00000042 F853 9C04       LDR              tmp9, [Calories_sport, #-4] ;st
                                                            ores the calories v
                                                            alue of sport in tm
                                                            p9 without updating
                                                             it
  176 00000046 EBAC 0C09       SUB              tmp12, tmp12, tmp9
  177 0000004A         
  178 0000004A         end_loop_calories_sport
  179 0000004A         
  180 0000004A         end_loop_calories_food
  181 0000004A         
  182 0000004A F5BC 7FFA       CMP              tmp12, #500
  183 0000004E BF48 F10B 
              0B01             ADDMI            Result, #1
  184 00000054         
  185 00000054 F106 0601       ADD              i, i, #1
  186 00000058 E7DD            B                loop_days
  187 0000005A         end_loop_days
  188 0000005A         
  189 0000005A E7FE    stop    B                stop
  190 0000005C         
  191 0000005C 00000000 
              00000000 
              00000000 
              00000000 
              00000000 
              00000000 
              00000000         LTORG
  192 00000078         
  193 00000078 00 00 00 
              00 00 00 
              00 00 00 
              00 00 00 
              00 00 00 
              00 00 00 



ARM Macro Assembler    Page 6 


              00 00 00 
              00 00 00 
              00 00 00 
              00 00 00 
              00 00 00 
              00 00 00 
              00 00 00 
              00 00 00 
              00 00 00 
              00 00 00 
              00 00 00 
              00 00 00 
              00 00 00 
              00 00 00 
              00 00 00 
              00 00 00 
              00 00 00 
              00 00 00 
              00 00 00 
              00 00 00 
              00 00 00 
              00 00 00 
              00 00 00 
              00 00 00 
              00 00 00 
              00 00 00 
              00 00 00 
              00 00 00 
              00 00 00 
              00 00 00 
              00 00 00 
              00 00 00 
              00 00 00 
              00 00 00 
              00 00 00 
              00 00 00 
              00 00 00 
              00 00 00 
              00 00 00 
              00 00 00 
              00 00 00 
              00 00 00 
              00 00 00 
              00 00 00 
              00 00 00 
              00 00 00 
              00 00 00 
              00 00 00 
              00 00 00 
              00 00 00 
              00 00 00 
              00 00 00 
              00 00 00 
              00 00 00 
              00 00 00 
              00 00 00 
              00 00 00 
              00 00 00 
              00 00 00 



ARM Macro Assembler    Page 7 


              00 00 00 
              00 00 00 
              00 00 00 
              00 00 00 
              00 00 00 
              00 00 00 
              00 00 00 
              00 00 00 
              00 00 00 
              00 00 00 
              00 00 00 
              00 00 00 
              00 00 00 
              00 00 00 
              00 00 00 
              00 00 00 
              00 00 00 
              00 00 00 
              00 00 00 
              00 00 00 
              00 00 00 
              00 00 00 
              00 00 00 
              00 00 00 
              00 00 00 
              00 00 00 
              00 00 00 
              00 00 00 
              00 00 00 
              00 00 00 
              00 00 00 
              00 00 00 
              00 00 00 
              00 00 00 
              00 00 00 
              00 00 00 
              00 00 00 
              00 00 00 
              00 00 00 
              00 00 00 
              00 00 00 
              00 00 00 
              00 00 00 
              00 00 00 
              00 00 00 
              00 00 00 
              00 00 00 
              00 00 00 
              00 00 00 
              00 00 00 
              00 00 00 
              00 00 00 
              00 00 00 
              00 00 00 
              00 00 00 
              00 00 00 
              00 00 00 
              00 00 00 
              00 00 00 



ARM Macro Assembler    Page 8 


              00 00 00 
              00 00 00 
              00 00 00 
              00 00 00 
              00 00 00 
              00 00 00 
              00 00 00 
              00 00 00 
              00 00 00 
              00 00 00 
              00 00 00 
              00 00 00 
              00 00 00 
              00 00 00 
              00 00 00 
              00 00 00 
              00 00 00 
              00 00 00 
              00 00 00 
              00 00 00 
              00 00 00 
              00 00 00 
              00 00 00 
              00 00 00 
              00 00 00 
              00 00 00 
              00 00 00 
              00 00 00 
              00 00 00 
              00 00 00 
              00 00 00 
              00 00 00 
              00 00 00 
              00 00 00 
              00 00 00 
              00 00 00 
              00 00 00 
              00 00 00 
              00 00 00 
              00 00 00 
              00 00 00 
              00 00 00 
              00 00 00 
              00 00 00 
              00 00 00 
              00 00 00 
              00 00 00 
              00 00 00 
              00 00 00 
              00 00 00 
              00 00 00 
              00 00 00 
              00 00 00 
              00 00 00 
              00 00 00 
              00 00 00 
              00 00 00 
              00 00 00 
              00 00 00 



ARM Macro Assembler    Page 9 


              00 00 00 
              00 00 00 
              00 00 00 
              00 00 00 
              00 00 00 
              00 00 00 
              00 00 00 
              00 00 00 
              00 00 00 
              00 00 00 
              00 00 00 
              00 00 00 
              00 00 00 
              00 00 00 
              00 00 00 
              00 00 00 
              00 00 00 
              00 00 00 
              00 00 00 
              00 00 00 
              00 00 00 
              00 00 00 
              00 00 00 
              00 00 00 
              00 00 00 
              00 00 00 
              00 00 00 
              00 00 00 
              00 00 00 
              00 00 00 
              00 00 00 
              00 00 00 
              00 00 00 
              00 00 00 
              00 00 00 
              00 00 00 
              00 00 00 
              00 00 00 
              00 00 00 
              00 00 00 
              00 00 00 
              00 00 00 
              00 00 00 
              00 00 00 
              00 00 00 
              00 00 00 
              00 00 00 
              00 00 00 
              00 00 00 
              00 00 00 
              00 00 00 
              00 00 00 
              00 00 00 
              00 00 00 
              00 00 00 
              00 00 00 
              00 00 00 
              00 00 00 
              00 00 00 



ARM Macro Assembler    Page 10 


              00 00 00 
              00 00 00 
              00 00 00 
              00 00 00 
              00 00 00 
              00 00 00 
              00 00 00 
              00 00 00 
              00 00 00 
              00 00 00 
              00 00 00 
              00 00 00 
              00 00 00 
              00 00 00 
              00 00 00 
              00 00 00 
              00 00 00 
              00 00 00 
              00 00 00 
              00 00 00 
              00 00 00 
              00 00 00 
              00 00 00 
              00 00 00 
              00 00 00 
              00 00 00 
              00 00 00 
              00 00 00 
              00 00 00 
              00 00 00 
              00 00 00 
              00 00 00 
              00 00 00 
              00 00 00 
              00 00 00 
              00 00 00 
              00 00 00 
              00 00 00 
              00 00 00 
              00 00 00 
              00 00 00 
              00 00 00 
              00 00 00 
              00 00 00 
              00 00 00 
              00 00 00 
              00 00 00 
              00 00 00 
              00 00 00 
              00 00 00 
              00 00 00 
              00 00 00 
              00 00 00 
              00 00 00 
              00 00 00 
              00 00 00 
              00 00 00 
              00 00 00 
              00 00 00 



ARM Macro Assembler    Page 11 


              00 00 00 
              00 00 00 
              00 00 00 
              00 00 00 
              00 00 00 
              00 00 00 
              00 00 00 
              00 00 00 
              00 00 00 
              00 00 00 
              00 00 00 
              00 00 00 
              00 00 00 
              00 00 00 
              00 00 00 
              00 00 00 
              00 00 00 
              00 00 00 
              00 00 00 
              00 00 00 
              00 00 00 
              00 00 00 
              00 00 00 
              00 00 00 
              00 00 00 
              00 00 00 
              00 00 00 
              00 00 00 
              00 00 00 
              00 00 00 
              00 00 00 
              00 00 00 
              00 00 00 
              00 00 00 
              00 00 00 
              00 00 00 
              00 00 00 
              00 00 00 
              00 00 00 
              00 00 00 
              00 00 00 
              00 00 00 
              00 00 00 
              00 00 00 
              00 00 00 
              00 00 00 
              00 00 00 
              00 00 00 
              00 00 00 
              00 00 00 
              00 00 00 
              00 00 00 
              00 00 00 
              00 00 00 
              00 00 00 
              00 00 00 
              00 00 00 
              00 00 00 
              00 00 00 



ARM Macro Assembler    Page 12 


              00 00 00 
              00 00 00 
              00 00 00 
              00 00 00 
              00 00 00 
              00 00 00 
              00 00 00 
              00 00 00 
              00 00 00 
              00 00 00 
              00 00 00 
              00 00 00 
              00 00 00 
              00 00 00 
              00 00 00 
              00 00 00 
              00 00 00 
              00 00 00 
              00 00 00 
              00 00 00 
              00 00 00 
              00 00 00 
              00 00 00 
              00 00 00 
              00 00 00 
              00 00 00 
              00 00 00 
              00 00 00 
              00 00 00 
              00 00 00 
              00 00 00 
              00 00 00 
              00 00 00 
              00 00 00 
              00 00 00 
              00 00 00 
              00 00 00 
              00 00 00 
              00 00 00 
              00 00 00 
              00 00 00 
              00 00 00 
              00 00 00 
              00 00 00 
              00 00 00 
              00 00 00 
              00 00 00 
              00 00 00 
              00 00 00 
              00 00 00 
              00 00 00 
              00 00 00 
              00 00 00 
              00 00 00 
              00 00 00 
              00 00 00 
              00 00 00 
              00 00 00 
              00 00 00 



ARM Macro Assembler    Page 13 


              00 00 00 
              00 00 00 
              00 00 00 
              00 00 00 
              00 00 00 
              00 00 00 
              00 00 00 
              00 00 00 
              00 00 00 
              00 00 00 
              00 00 00 
              00 00 00 
              00 00 00 
              00 00 00 
              00 00 00 
              00 00 00 
              00 00 00 
              00 00 00 
              00 00 00 
              00 00 00 
              00 00 00 
              00 00 00 
              00 00 00 
              00 00 00 
              00 00 00 
              00 00 00 
              00 00 00 
              00 00 00 
              00 00 00 
              00 00 00 
              00 00 00 
              00 00 00 
              00 00 00 
              00 00 00 
              00 00 00 
              00 00 00 
              00 00 00 
              00 00 00 
              00 00 00 
              00 00 00 
              00 00 00 
              00 00 00 
              00 00 00 
              00 00 00 
              00 00 00 
              00 00 00 
              00 00 00 
              00 00 00 
              00 00 00 
              00 00 00 
              00 00 00 
              00 00 00 
              00 00 00 
              00 00 00 
              00 00 00 
              00 00 00 
              00 00 00 
              00 00 00 
              00 00 00 



ARM Macro Assembler    Page 14 


              00 00 00 
              00 00 00 
              00 00 00 
              00 00 00 
              00 00 00 
              00 00 00 
              00 00 00 
              00 00 00 
              00 00 00 
              00 00 00 
              00 00 00 
              00 00 00 
              00 00 00 
              00 00 00 
              00 00 00 
              00 00 00 
              00 00 00 
              00 00 00 
              00 00 00 
              00 00 00 
              00 00 00 
              00 00 00 
              00 00 00 
              00 00 00 
              00 00 00 
              00 00 00 
              00 00 00 
              00 00 00 
              00 00 00 
              00 00 00 
              00 00 00 
              00 00 00 
              00 00 00 
              00 00 00 
              00 00 00 
              00 00 00 
              00 00 00 
              00 00 00 
              00 00 00 
              00 00 00 
              00 00 00 
              00 00 00 
              00 00 00 
              00 00 00 
              00 00 00 
              00 00 00 
              00 00 00 
              00 00 00 
              00 00 00 
              00 00 00 
              00 00 00 
              00 00 00 
              00 00 00 
              00 00 00 
              00 00 00 
              00 00 00 
              00 00 00 
              00 00 00 
              00 00 00 



ARM Macro Assembler    Page 15 


              00 00 00 
              00 00 00 
              00 00 00 
              00 00 00 
              00 00 00 
              00 00 00 
              00 00 00 
              00 00 00 
              00 00 00 
              00 00 00 
              00 00 00 
              00 00 00 
              00 00 00 
              00 00 00 
              00 00 00 
              00 00 00 
              00 00 00 
              00 00 00 
              00 00 00 
              00 00 00 
              00 00 00 
              00 00 00 
              00 00 00 
              00 00 00 
              00 00 00 
              00 00 00 
              00 00 00 
              00 00 00 
              00 00 00 
              00 00 00 
              00 00 00 
              00 00 00 
              00 00 00 
              00 00 00 
              00 00 00 
              00 00 00 
              00 00 00 
              00 00 00 
              00 00 00 
              00 00 00 
              00 00 00 
              00 00 00 
              00 00 00 
              00 00 00 
              00 00 00 
              00 00 00 
              00 00 00 
              00 00 00 
              00 00 00 
              00 00 00 
              00 00 00 
              00 00 00 
              00 00 00 
              00 00 00 
              00 00 00 
              00 00 00 
              00 00 00 
              00 00 00 
              00 00 00 



ARM Macro Assembler    Page 16 


              00 00 00 
              00 00 00 
              00 00 00 
              00 00 00 
              00 00 00 
              00 00 00 
              00 00 00 
              00 00 00 
              00 00 00 
              00 00 00 
              00 00 00 
              00 00 00 
              00 00 00 
              00 00 00 
              00 00 00 
              00 00 00 
              00 00 00 
              00 00 00 
              00 00 00 
              00 00 00 
              00 00 00 
              00 00 00 
              00 00 00 
              00 00 00 
              00 00 00 
              00 00 00 
              00 00 00 
              00 00 00 
              00 00 00 
              00 00 00 
              00 00 00 
              00 00 00 
              00 00 00 
              00 00 00 
              00 00 00 
              00 00 00 
              00 00 00 
              00 00 00 
              00 00 00 
              00 00 00 
              00 00 00 
              00 00 00 
              00 00 00 
              00 00 00 
              00 00 00 
              00 00 00 
              00 00 00 
              00 00 00 
              00 00 00 
              00 00 00 
              00 00 00 
              00 00 00 
              00 00 00 
              00 00 00 
              00 00 00 
              00 00 00 
              00 00 00 
              00 00 00 
              00 00 00 



ARM Macro Assembler    Page 17 


              00 00 00 
              00 00 00 
              00 00 00 
              00 00 00 
              00 00 00 
              00 00 00 
              00 00 00 
              00 00 00 
              00 00 00 
              00 00 00 
              00 00 00 
              00 00 00 
              00 00 00 
              00 00 00 
              00 00 00 
              00 00 00 
              00 00 00 
              00 00 00 
              00 00 00 
              00 00 00 
              00 00 00 
              00 00 00 
              00 00 00 
              00 00 00 
              00 00 00 
              00 00 00 
              00 00 00 
              00 00 00 
              00 00 00 
              00 00 00 
              00 00 00 
              00 00 00 
              00 00 00 
              00 00 00 
              00 00 00 
              00 00 00 
              00 00 00 
              00 00 00 
              00 00 00 
              00 00 00 
              00 00 00 
              00 00 00 
              00 00 00 
              00 00 00 
              00 00 00 
              00 00 00 
              00 00 00 
              00 00 00 
              00 00 00 
              00 00 00 
              00 00 00 
              00 00 00 
              00 00 00 
              00 00 00 
              00 00 00 
              00 00 00 
              00 00 00 
              00 00 00 
              00 00 00 



ARM Macro Assembler    Page 18 


              00 00 00 
              00 00 00 
              00 00 00 
              00 00 00 
              00 00 00 
              00 00 00 
              00 00 00 
              00 00 00 
              00 00 00 
              00 00 00 
              00 00 00 
              00 00 00 
              00 00 00 
              00 00 00 
              00 00 00 
              00 00 00 
              00 00 00 
              00 00 00 
              00 00 00 
              00 00 00 
              00 00 00 
              00 00 00 
              00 00 00 
              00 00 00 
              00 00 00 
              00 00 00 
              00 00 00 
              00 00 00 
              00 00 00 
              00 00 00 
              00 00 00 
              00 00 00 
              00 00 00 
              00 00 00 
              00 00 00 
              00 00 00 
              00 00 00 
              00 00 00 
              00 00 00 
              00 00 00 
              00 00 00 
              00 00 00 
              00 00 00 
              00 00 00 
              00 00 00 
              00 00 00 
              00 00 00 
              00 00 00 
              00 00 00 
              00 00 00 
              00 00 00 
              00 00 00 
              00 00 00 
              00 00 00 
              00 00 00 
              00 00 00 
              00 00 00 
              00 00 00 
              00 00 00 



ARM Macro Assembler    Page 19 


              00 00 00 
              00 00 00 
              00 00 00 
              00 00 00 
              00 00 00 
              00 00 00 
              00 00 00 
              00 00 00 
              00 00 00 
              00 00 00 
              00 00 00 
              00 00 00 
              00 00 00 
              00 00 00 
              00 00 00 
              00 00 00 
              00 00 00 
              00 00 00 
              00 00 00 
              00 00 00 
              00 00 00 
              00 00 00 
              00 00 00 
              00 00 00 
              00 00 00 
              00 00 00 
              00 00 00 
              00 00 00 
              00 00 00 
              00 00 00 
              00 00 00 
              00 00 00 
              00 00 00 
              00 00 00 
              00 00 00 
              00 00 00 
              00 00 00 
              00 00 00 
              00 00 00 
              00 00 00 
              00 00 00 
              00 00 00 
              00 00 00 
              00 00 00 
              00 00 00 
              00 00 00 
              00 00 00 
              00 00 00 
              00 00 00 
              00 00 00 
              00 00 00 
              00 00 00 
              00 00 00 
              00 00 00 
              00 00 00 
              00 00 00 
              00 00 00 
              00 00 00 
              00 00 00 



ARM Macro Assembler    Page 20 


              00 00 00 
              00 00 00 
              00 00 00 
              00 00 00 
              00 00 00 
              00 00 00 
              00 00 00 
              00 00 00 
              00 00 00 
              00 00 00 
              00 00 00 
              00 00 00 
              00 00 00 
              00 00 00 
              00 00 00 
              00 00 00 
              00 00 00 
              00 00 00 
              00 00 00 
              00 00 00 
              00 00 00 
              00 00 00 
              00 00 00 
              00 00 00 
              00 00 00 
              00 00 00 
              00 00 00 
              00 00 00 
              00 00 00 
              00 00 00 
              00 00 00 
              00 00 00 
              00 00 00 
              00 00 00 
              00 00 00 
              00 00 00 
              00 00 00 
              00 00 00 
              00 00 00 
              00 00 00 
              00 00 00 
              00 00 00 
              00 00 00 
              00 00 00 
              00 00 00 
              00 00 00 
              00 00 00 
              00 00 00 
              00 00 00 
              00 00 00 
              00 00 00 
              00 00 00 
              00 00 00 
              00 00 00 
              00 00 00 
              00 00 00 
              00 00 00 
              00 00 00 
              00 00 00 



ARM Macro Assembler    Page 21 


              00 00 00 
              00 00 00 
              00 00 00 
              00 00 00 
              00 00 00 
              00 00 00 
              00 00 00 
              00 00 00 
              00 00 00 
              00 00 00 
              00 00 00 
              00 00 00 
              00 00 00 
              00 00 00 
              00 00 00 
              00 00 00 
              00 00 00 
              00 00 00 
              00 00 00 
              00 00 00 
              00 00 00 
              00 00 00 
              00 00 00 
              00 00 00 
              00 00 00 
              00 00 00 
              00 00 00 
              00 00 00 
              00 00 00 
              00 00 00 
              00 00 00 
              00 00 00 
              00 00 00 
              00 00 00 
              00 00 00 
              00 00 00 
              00 00 00 
              00 00 00 
              00 00 00 
              00 00 00 
              00 00 00 
              00 00 00 
              00 00 00 
              00 00 00 
              00 00 00 
              00 00 00 
              00 00 00 
              00 00 00 
              00 00 00 
              00 00 00 
              00 00 00 
              00 00 00 
              00 00 00 
              00 00 00 
              00 00 00 
              00 00 00 
              00 00 00 
              00 00 00 
              00 00 00 



ARM Macro Assembler    Page 22 


              00 00 00 
              00 00 00 
              00 00 00 
              00 00 00 
              00 00 00 
              00 00 00 
              00 00 00 
              00 00 00 
              00 00 00 
              00 00 00 
              00 00 00 
              00 00 00 
              00 00 00 
              00 00 00 
              00 00 00 
              00 00 00 
              00 00 00 
              00 00 00 
              00 00 00 
              00 00 00 
              00 00 00 
              00 00 00 
              00 00 00 
              00 00 00 
              00 00 00 
              00 00 00 
              00 00 00 
              00 00 00 
              00 00 00 
              00 00 00 
              00 00 00 
              00 00 00 
              00 00 00 
              00 00 00 
              00 00 00 
              00 00 00 
              00 00 00 
              00 00 00 
              00 00 00 
              00 00 00 
              00 00 00 
              00 00 00 
              00 00 00 
              00 00 00 
              00 00 00 
              00 00 00 
              00 00 00 
              00 00 00 
              00 00 00 
              00 00 00 
              00 00 00 
              00 00 00 
              00 00 00 
              00 00 00 
              00 00 00 
              00 00 00 
              00 00 00 
              00 00 00 
              00 00 00 



ARM Macro Assembler    Page 23 


              00 00 00 
              00 00 00 
              00 00 00 
              00 00 00 
              00 00 00 
              00 00 00 
              00 00 00 
              00 00 00 
              00 00 00 
              00 00 00 
              00 00 00 
              00 00 00 
              00 00 00 
              00 00 00 
              00 00 00 
              00 00 00 
              00 00 00 
              00 00 00 
              00 00 00 
              00 00 00 
              00 00 00 
              00 00 00 
              00 00 00 
              00 00 00 
              00 00 00 
              00 00 00 
              00 00 00 
              00 00 00 
              00 00 00 
              00 00 00 
              00 00 00 
              00 00 00 
              00 00 00 
              00 00 00 
              00 00 00 
              00 00 00 
              00 00 00 
              00 00 00 
              00 00 00 
              00 00 00 
              00 00 00 
              00 00 00 
              00 00 00 
              00 00 00 
              00 00 00 
              00 00 00 
              00 00 00 
              00 00 00 
              00 00 00 
              00 00 00 
              00 00 00 
              00 00 00 
              00 00 00 
              00 00 00 
              00 00 00 
              00 00 00 
              00 00 00 
              00 00 00 
              00 00 00 



ARM Macro Assembler    Page 24 


              00 00 00 
              00 00 00 
              00 00 00 
              00 00 00 
              00 00 00 
              00 00 00 
              00 00 00 
              00 00 00 
              00 00 00 
              00 00 00 
              00 00 00 
              00 00 00 
              00 00 00 
              00 00 00 
              00 00 00 
              00 00 00 
              00 00 00 
              00 00 00 
              00 00 00 
              00 00 00 
              00 00 00 
              00 00 00 
              00 00 00 
              00 00 00 
              00 00 00 
              00 00 00 
              00 00 00 
              00 00 00 
              00 00 00 
              00 00 00 
              00 00 00 
              00 00 00 
              00 00 00 
              00 00 00 
              00 00 00 
              00 00 00 
              00 00 00 
              00 00 00 
              00 00 00 
              00 00 00 
              00 00 00 
              00 00 00 
              00 00 00 
              00 00 00 
              00 00 00 
              00 00 00 
              00 00 00 
              00 00 00 
              00 00 00 
              00 00 00 
              00 00 00 
              00 00 00 
              00 00 00 
              00 00 00 
              00 00 00 
              00 00 00 
              00 00 00 
              00 00 00 
              00 00 00 



ARM Macro Assembler    Page 25 


              00 00 00 
              00 00 00 
              00 00 00 
              00 00 00 
              00 00 00 
              00 00 00 
              00 00 00 
              00 00 00 
              00 00 00 
              00 00 00 
              00 00 00 
              00 00 00 
              00 00 00 
              00 00 00 
              00 00 00 
              00 00 00 
              00 00 00 
              00 00 00 
              00 00 00 
              00 00 00 
              00 00 00 
              00 00 00 
              00 00 00 
              00 00 00 
              00 00 00 
              00 00 00 
              00 00 00 
              00 00 00 
              00 00 00 
              00 00 00 
              00 00 00 
              00 00 00 
              00 00 00 
              00 00 00 
              00 00 00 
              00 00 00 
              00 00 00 
              00 00 00 
              00 00 00 
              00 00 00 
              00 00 00 
              00 00 00 
              00 00 00 
              00 00 00 
              00 00 00 
              00 00 00 
              00 00 00 
              00 00 00 
              00 00 00 
              00 00 00 
              00 00 00 
              00 00 00 
              00 00 00 
              00 00 00 
              00 00 00 
              00 00 00 
              00 00 00 
              00 00 00 
              00 00 00 



ARM Macro Assembler    Page 26 


              00 00 00 
              00 00 00 
              00 00 00 
              00 00 00 
              00 00 00 
              00 00 00 
              00 00 00 
              00 00 00 
              00 00 00 
              00 00 00 
              00 00 00 
              00 00 00 
              00 00 00 
              00 00 00 
              00 00 00 
              00 00 00 
              00 00 00 
              00 00 00 
              00 00 00 
              00 00 00 
              00 00 00 
              00 00 00 
              00 00 00 
              00 00 00 
              00 00 00 
              00 00 00 
              00 00 00 
              00 00 00 
              00 00 00 
              00 00 00 
              00 00 00 
              00 00 00 
              00 00 00 
              00 00 00 
              00 00 00 
              00 00 00 
              00 00 00 
              00 00 00 
              00 00 00 
              00 00 00 
              00 00 00 
              00 00 00 
              00 00 00 
              00 00 00 
              00 00 00 
              00 00 00 
              00 00 00 
              00 00 00 
              00 00 00 
              00 00 00 
              00 00 00 
              00 00 00 
              00 00 00 
              00 00 00 
              00 00 00 
              00 00 00 
              00 00 00 
              00 00 00 
              00 00 00 



ARM Macro Assembler    Page 27 


              00 00 00 
              00 00 00 
              00 00 00 
              00 00 00 
              00 00 00 
              00 00 00 
              00 00 00 
              00 00 00 
              00 00 00 
              00 00 00 
              00 00 00 
              00 00 00 
              00 00 00 
              00 00 00 
              00 00 00 
              00 00 00 
              00 00 00 
              00 00 00 
              00 00 00 
              00 00 00 
              00 00 00 
              00 00 00 
              00 00 00 
              00 00 00 
              00 00 00 
              00 00 00 
              00 00 00 
              00 00 00 
              00 00 00 
              00 00 00 
              00 00 00 
              00 00 00 
              00 00 00 
              00 00 00 
              00 00 00 
              00 00 00 
              00 00 00 
              00 00 00 
              00 00 00 
              00 00 00 
              00 00 00 
              00 00 00 
              00 00 00 
              00 00 00 
              00 00 00 
              00 00 00 
              00 00 00 
              00 00 00 
              00 00 00 
              00 00 00 
              00 00 00 
              00 00 00 
              00 00 00 
              00 00 00 
              00 00 00 
              00 00 00 
              00 00 00 
              00 00 00 
              00 00 00 



ARM Macro Assembler    Page 28 


              00 00 00 
              00 00 00 
              00 00 00 
              00 00 00 
              00 00 00 
              00 00 00 
              00 00 00 
              00 00 00 
              00 00 00 
              00 00 00 
              00 00 00 
              00 00 00 
              00 00 00 
              00 00 00 
              00 00 00 
              00 00 00 
              00 00 00 
              00 00 00 
              00 00 00 
              00 00 00 
              00 00 00 
              00 00 00 
              00 00 00 
              00 00 00 
              00 00 00 
              00 00 00 
              00 00 00 
              00 00 00 
              00 00 00 
              00 00 00 
              00 00 00 
              00 00 00 
              00 00 00 
              00 00 00 
              00 00 00 
              00 00 00 
              00 00 00 
              00 00 00 
              00 00 00 
              00 00 00 
              00 00 00 
              00 00 00 
              00 00 00 
              00 00 00 
              00 00 00 
              00 00 00 
              00 00 00 
              00 00 00 
              00 00 00 
              00 00 00 
              00 00 00 
              00 00 00 
              00 00 00 
              00 00 00 
              00 00 00 
              00 00 00 
              00 00 00 
              00 00 00 
              00 00 00 



ARM Macro Assembler    Page 29 


              00 00 00 
              00 00 00 
              00       MY_DATA SPACE            4096
  194 00001078         
  195 00001078 01 02 03 
              04 05 06 
              07       _Days   DCB              0x01, 0x02, 0x03, 0x04, 0x05, 0
x06, 0x07
  196 0000107F         
  197 0000107F 00 00000006 
              00000514 
              00000003 
              000006A4 
              00000002 
              000004B0 
              00000004 
              0000076C _Calories_food
                               DCD              0x06, 1300, 0x03, 1700, 0x02, 1
200, 0x04, 1900
  198 000010A0 00000005 
              00000456 
              00000001 
              00000686 
              00000007 
              000003E8         DCD              0x05, 1110, 0x01, 1670, 0x07, 1
000
  199 000010B8         
  200 000010B8 00000002 
              000001F4 
              00000005 
              00000320 
              00000006 
              00000190 _Calories_sport
                               DCD              0x02, 500, 0x05, 800, 0x06, 400
  201 000010D0         
  202 000010D0 07      _Num_days
                               DCB              7
  203 000010D1 03      _Num_days_sport
                               DCB              3
  204 000010D2         
  205 000010D2         
  206 000010D2 4700            BX               R0
  207 000010D4                 ENDP
  208 000010D4         
  209 000010D4         
  210 000010D4         ; Dummy Exception Handlers (infinite loops which can be 
                       modified)
  211 000010D4         
  212 000010D4         NMI_Handler
                               PROC
  213 000010D4                 EXPORT           NMI_Handler               [WEAK
]
  214 000010D4 E7FE            B                .
  215 000010D6                 ENDP
  217 000010D6         HardFault_Handler
                               PROC
  218 000010D6                 EXPORT           HardFault_Handler         [WEAK
]
  219 000010D6 E7FE            B                .



ARM Macro Assembler    Page 30 


  220 000010D8                 ENDP
  222 000010D8         MemManage_Handler
                               PROC
  223 000010D8                 EXPORT           MemManage_Handler         [WEAK
]
  224 000010D8 E7FE            B                .
  225 000010DA                 ENDP
  227 000010DA         BusFault_Handler
                               PROC
  228 000010DA                 EXPORT           BusFault_Handler          [WEAK
]
  229 000010DA E7FE            B                .
  230 000010DC                 ENDP
  232 000010DC         UsageFault_Handler
                               PROC
  233 000010DC                 EXPORT           UsageFault_Handler        [WEAK
]
  234 000010DC E7FE            B                .
  235 000010DE                 ENDP
  236 000010DE         SVC_Handler
                               PROC
  237 000010DE                 EXPORT           SVC_Handler               [WEAK
]
  238 000010DE E7FE            B                .
  239 000010E0                 ENDP
  241 000010E0         DebugMon_Handler
                               PROC
  242 000010E0                 EXPORT           DebugMon_Handler          [WEAK
]
  243 000010E0 E7FE            B                .
  244 000010E2                 ENDP
  245 000010E2         PendSV_Handler
                               PROC
  246 000010E2                 EXPORT           PendSV_Handler            [WEAK
]
  247 000010E2 E7FE            B                .
  248 000010E4                 ENDP
  249 000010E4         SysTick_Handler
                               PROC
  250 000010E4                 EXPORT           SysTick_Handler           [WEAK
]
  251 000010E4 E7FE            B                .
  252 000010E6                 ENDP
  253 000010E6         
  254 000010E6         Default_Handler
                               PROC
  255 000010E6         
  256 000010E6                 EXPORT           WDT_IRQHandler            [WEAK
]
  257 000010E6                 EXPORT           TIMER0_IRQHandler         [WEAK
]
  258 000010E6                 EXPORT           TIMER1_IRQHandler         [WEAK
]
  259 000010E6                 EXPORT           TIMER2_IRQHandler         [WEAK
]
  260 000010E6                 EXPORT           TIMER3_IRQHandler         [WEAK
]
  261 000010E6                 EXPORT           UART0_IRQHandler          [WEAK
]



ARM Macro Assembler    Page 31 


  262 000010E6                 EXPORT           UART1_IRQHandler          [WEAK
]
  263 000010E6                 EXPORT           UART2_IRQHandler          [WEAK
]
  264 000010E6                 EXPORT           UART3_IRQHandler          [WEAK
]
  265 000010E6                 EXPORT           PWM1_IRQHandler           [WEAK
]
  266 000010E6                 EXPORT           I2C0_IRQHandler           [WEAK
]
  267 000010E6                 EXPORT           I2C1_IRQHandler           [WEAK
]
  268 000010E6                 EXPORT           I2C2_IRQHandler           [WEAK
]
  269 000010E6                 EXPORT           SPI_IRQHandler            [WEAK
]
  270 000010E6                 EXPORT           SSP0_IRQHandler           [WEAK
]
  271 000010E6                 EXPORT           SSP1_IRQHandler           [WEAK
]
  272 000010E6                 EXPORT           PLL0_IRQHandler           [WEAK
]
  273 000010E6                 EXPORT           RTC_IRQHandler            [WEAK
]
  274 000010E6                 EXPORT           EINT0_IRQHandler          [WEAK
]
  275 000010E6                 EXPORT           EINT1_IRQHandler          [WEAK
]
  276 000010E6                 EXPORT           EINT2_IRQHandler          [WEAK
]
  277 000010E6                 EXPORT           EINT3_IRQHandler          [WEAK
]
  278 000010E6                 EXPORT           ADC_IRQHandler            [WEAK
]
  279 000010E6                 EXPORT           BOD_IRQHandler            [WEAK
]
  280 000010E6                 EXPORT           USB_IRQHandler            [WEAK
]
  281 000010E6                 EXPORT           CAN_IRQHandler            [WEAK
]
  282 000010E6                 EXPORT           DMA_IRQHandler            [WEAK
]
  283 000010E6                 EXPORT           I2S_IRQHandler            [WEAK
]
  284 000010E6                 EXPORT           ENET_IRQHandler           [WEAK
]
  285 000010E6                 EXPORT           RIT_IRQHandler            [WEAK
]
  286 000010E6                 EXPORT           MCPWM_IRQHandler          [WEAK
]
  287 000010E6                 EXPORT           QEI_IRQHandler            [WEAK
]
  288 000010E6                 EXPORT           PLL1_IRQHandler           [WEAK
]
  289 000010E6                 EXPORT           USBActivity_IRQHandler    [WEAK
]
  290 000010E6                 EXPORT           CANActivity_IRQHandler    [WEAK
]
  291 000010E6         



ARM Macro Assembler    Page 32 


  292 000010E6         WDT_IRQHandler
  293 000010E6         TIMER0_IRQHandler
  294 000010E6         TIMER1_IRQHandler
  295 000010E6         TIMER2_IRQHandler
  296 000010E6         TIMER3_IRQHandler
  297 000010E6         UART0_IRQHandler
  298 000010E6         UART1_IRQHandler
  299 000010E6         UART2_IRQHandler
  300 000010E6         UART3_IRQHandler
  301 000010E6         PWM1_IRQHandler
  302 000010E6         I2C0_IRQHandler
  303 000010E6         I2C1_IRQHandler
  304 000010E6         I2C2_IRQHandler
  305 000010E6         SPI_IRQHandler
  306 000010E6         SSP0_IRQHandler
  307 000010E6         SSP1_IRQHandler
  308 000010E6         PLL0_IRQHandler
  309 000010E6         RTC_IRQHandler
  310 000010E6         EINT0_IRQHandler
  311 000010E6         EINT1_IRQHandler
  312 000010E6         EINT2_IRQHandler
  313 000010E6         EINT3_IRQHandler
  314 000010E6         ADC_IRQHandler
  315 000010E6         BOD_IRQHandler
  316 000010E6         USB_IRQHandler
  317 000010E6         CAN_IRQHandler
  318 000010E6         DMA_IRQHandler
  319 000010E6         I2S_IRQHandler
  320 000010E6         ENET_IRQHandler
  321 000010E6         RIT_IRQHandler
  322 000010E6         MCPWM_IRQHandler
  323 000010E6         QEI_IRQHandler
  324 000010E6         PLL1_IRQHandler
  325 000010E6         USBActivity_IRQHandler
  326 000010E6         CANActivity_IRQHandler
  327 000010E6         
  328 000010E6 E7FE            B                .
  329 000010E8         
  330 000010E8                 ENDP
  331 000010E8         
  332 000010E8         
  333 000010E8                 ALIGN
  334 000010E8         
  335 000010E8         
  336 000010E8         ; User Initial Stack & Heap
  337 000010E8         
  338 000010E8                 EXPORT           __initial_sp
  339 000010E8                 EXPORT           __heap_base
  340 000010E8                 EXPORT           __heap_limit
  341 000010E8         
  342 000010E8                 END
Command Line: --debug --xref --cpu=Cortex-M3 --depend=.\startup.d -o.\startup.o
 -I.\RTE\_Target_1 -IC:\Keil_v5\ARM\PACK\ARM\CMSIS\5.9.0\CMSIS\Core\Include -IC
:\Keil_v5\ARM\PACK\Keil\LPC1700_DFP\2.7.0\Device\Include --predefine="__EVAL SE
TA 1" --predefine="__UVISION_VERSION SETA 536" --predefine="_RTE_ SETA 1" --pre
define="LPC175x_6x SETA 1" --predefine="_RTE_ SETA 1" --list=.\startup.lst star
tup.s



ARM Macro Assembler    Page 1 Alphabetic symbol ordering
Relocatable symbols

STACK 00000000

Symbol: STACK
   Definitions
      At line 33 in file startup.s
   Uses
      None
Comment: STACK unused
Stack_Mem 00000000

Symbol: Stack_Mem
   Definitions
      At line 34 in file startup.s
   Uses
      None
Comment: Stack_Mem unused
__initial_sp 00000200

Symbol: __initial_sp
   Definitions
      At line 35 in file startup.s
   Uses
      At line 59 in file startup.s
      At line 338 in file startup.s

3 symbols



ARM Macro Assembler    Page 1 Alphabetic symbol ordering
Relocatable symbols

HEAP 00000000

Symbol: HEAP
   Definitions
      At line 44 in file startup.s
   Uses
      None
Comment: HEAP unused
Heap_Mem 00000000

Symbol: Heap_Mem
   Definitions
      At line 46 in file startup.s
   Uses
      None
Comment: Heap_Mem unused
__heap_base 00000000

Symbol: __heap_base
   Definitions
      At line 45 in file startup.s
   Uses
      At line 339 in file startup.s
Comment: __heap_base used once
__heap_limit 00000000

Symbol: __heap_limit
   Definitions
      At line 47 in file startup.s
   Uses
      At line 340 in file startup.s
Comment: __heap_limit used once
4 symbols



ARM Macro Assembler    Page 1 Alphabetic symbol ordering
Relocatable symbols

RESET 00000000

Symbol: RESET
   Definitions
      At line 56 in file startup.s
   Uses
      None
Comment: RESET unused
__Vectors 00000000

Symbol: __Vectors
   Definitions
      At line 59 in file startup.s
   Uses
      At line 57 in file startup.s
Comment: __Vectors used once
2 symbols



ARM Macro Assembler    Page 1 Alphabetic symbol ordering
Relocatable symbols

.ARM.__at_0x02FC 00000000

Symbol: .ARM.__at_0x02FC
   Definitions
      At line 115 in file startup.s
   Uses
      None
Comment: .ARM.__at_0x02FC unused
CRP_Key 00000000

Symbol: CRP_Key
   Definitions
      At line 116 in file startup.s
   Uses
      None
Comment: CRP_Key unused
2 symbols



ARM Macro Assembler    Page 1 Alphabetic symbol ordering
Relocatable symbols

.text 00000000

Symbol: .text
   Definitions
      At line 120 in file startup.s
   Uses
      None
Comment: .text unused
ADC_IRQHandler 000010E6

Symbol: ADC_IRQHandler
   Definitions
      At line 314 in file startup.s
   Uses
      At line 99 in file startup.s
      At line 278 in file startup.s

BOD_IRQHandler 000010E6

Symbol: BOD_IRQHandler
   Definitions
      At line 315 in file startup.s
   Uses
      At line 100 in file startup.s
      At line 279 in file startup.s

BusFault_Handler 000010DA

Symbol: BusFault_Handler
   Definitions
      At line 227 in file startup.s
   Uses
      At line 64 in file startup.s
      At line 228 in file startup.s

CANActivity_IRQHandler 000010E6

Symbol: CANActivity_IRQHandler
   Definitions
      At line 326 in file startup.s
   Uses
      At line 111 in file startup.s
      At line 290 in file startup.s

CAN_IRQHandler 000010E6

Symbol: CAN_IRQHandler
   Definitions
      At line 317 in file startup.s
   Uses
      At line 102 in file startup.s
      At line 281 in file startup.s

DMA_IRQHandler 000010E6

Symbol: DMA_IRQHandler
   Definitions
      At line 318 in file startup.s
   Uses



ARM Macro Assembler    Page 2 Alphabetic symbol ordering
Relocatable symbols

      At line 103 in file startup.s
      At line 282 in file startup.s

DebugMon_Handler 000010E0

Symbol: DebugMon_Handler
   Definitions
      At line 241 in file startup.s
   Uses
      At line 71 in file startup.s
      At line 242 in file startup.s

Default_Handler 000010E6

Symbol: Default_Handler
   Definitions
      At line 254 in file startup.s
   Uses
      None
Comment: Default_Handler unused
EINT0_IRQHandler 000010E6

Symbol: EINT0_IRQHandler
   Definitions
      At line 310 in file startup.s
   Uses
      At line 95 in file startup.s
      At line 274 in file startup.s

EINT1_IRQHandler 000010E6

Symbol: EINT1_IRQHandler
   Definitions
      At line 311 in file startup.s
   Uses
      At line 96 in file startup.s
      At line 275 in file startup.s

EINT2_IRQHandler 000010E6

Symbol: EINT2_IRQHandler
   Definitions
      At line 312 in file startup.s
   Uses
      At line 97 in file startup.s
      At line 276 in file startup.s

EINT3_IRQHandler 000010E6

Symbol: EINT3_IRQHandler
   Definitions
      At line 313 in file startup.s
   Uses
      At line 98 in file startup.s
      At line 277 in file startup.s

ENET_IRQHandler 000010E6

Symbol: ENET_IRQHandler



ARM Macro Assembler    Page 3 Alphabetic symbol ordering
Relocatable symbols

   Definitions
      At line 320 in file startup.s
   Uses
      At line 105 in file startup.s
      At line 284 in file startup.s

HardFault_Handler 000010D6

Symbol: HardFault_Handler
   Definitions
      At line 217 in file startup.s
   Uses
      At line 62 in file startup.s
      At line 218 in file startup.s

I2C0_IRQHandler 000010E6

Symbol: I2C0_IRQHandler
   Definitions
      At line 302 in file startup.s
   Uses
      At line 87 in file startup.s
      At line 266 in file startup.s

I2C1_IRQHandler 000010E6

Symbol: I2C1_IRQHandler
   Definitions
      At line 303 in file startup.s
   Uses
      At line 88 in file startup.s
      At line 267 in file startup.s

I2C2_IRQHandler 000010E6

Symbol: I2C2_IRQHandler
   Definitions
      At line 304 in file startup.s
   Uses
      At line 89 in file startup.s
      At line 268 in file startup.s

I2S_IRQHandler 000010E6

Symbol: I2S_IRQHandler
   Definitions
      At line 319 in file startup.s
   Uses
      At line 104 in file startup.s
      At line 283 in file startup.s

MCPWM_IRQHandler 000010E6

Symbol: MCPWM_IRQHandler
   Definitions
      At line 322 in file startup.s
   Uses
      At line 107 in file startup.s
      At line 286 in file startup.s



ARM Macro Assembler    Page 4 Alphabetic symbol ordering
Relocatable symbols


MY_DATA 00000078

Symbol: MY_DATA
   Definitions
      At line 193 in file startup.s
   Uses
      None
Comment: MY_DATA unused
MemManage_Handler 000010D8

Symbol: MemManage_Handler
   Definitions
      At line 222 in file startup.s
   Uses
      At line 63 in file startup.s
      At line 223 in file startup.s

NMI_Handler 000010D4

Symbol: NMI_Handler
   Definitions
      At line 212 in file startup.s
   Uses
      At line 61 in file startup.s
      At line 213 in file startup.s

PLL0_IRQHandler 000010E6

Symbol: PLL0_IRQHandler
   Definitions
      At line 308 in file startup.s
   Uses
      At line 93 in file startup.s
      At line 272 in file startup.s

PLL1_IRQHandler 000010E6

Symbol: PLL1_IRQHandler
   Definitions
      At line 324 in file startup.s
   Uses
      At line 109 in file startup.s
      At line 288 in file startup.s

PWM1_IRQHandler 000010E6

Symbol: PWM1_IRQHandler
   Definitions
      At line 301 in file startup.s
   Uses
      At line 86 in file startup.s
      At line 265 in file startup.s

PendSV_Handler 000010E2

Symbol: PendSV_Handler
   Definitions
      At line 245 in file startup.s



ARM Macro Assembler    Page 5 Alphabetic symbol ordering
Relocatable symbols

   Uses
      At line 73 in file startup.s
      At line 246 in file startup.s

QEI_IRQHandler 000010E6

Symbol: QEI_IRQHandler
   Definitions
      At line 323 in file startup.s
   Uses
      At line 108 in file startup.s
      At line 287 in file startup.s

RIT_IRQHandler 000010E6

Symbol: RIT_IRQHandler
   Definitions
      At line 321 in file startup.s
   Uses
      At line 106 in file startup.s
      At line 285 in file startup.s

RTC_IRQHandler 000010E6

Symbol: RTC_IRQHandler
   Definitions
      At line 309 in file startup.s
   Uses
      At line 94 in file startup.s
      At line 273 in file startup.s

Reset_Handler 00000000

Symbol: Reset_Handler
   Definitions
      At line 138 in file startup.s
   Uses
      At line 60 in file startup.s
      At line 139 in file startup.s
      At line 140 in file startup.s

SPI_IRQHandler 000010E6

Symbol: SPI_IRQHandler
   Definitions
      At line 305 in file startup.s
   Uses
      At line 90 in file startup.s
      At line 269 in file startup.s

SSP0_IRQHandler 000010E6

Symbol: SSP0_IRQHandler
   Definitions
      At line 306 in file startup.s
   Uses
      At line 91 in file startup.s
      At line 270 in file startup.s




ARM Macro Assembler    Page 6 Alphabetic symbol ordering
Relocatable symbols

SSP1_IRQHandler 000010E6

Symbol: SSP1_IRQHandler
   Definitions
      At line 307 in file startup.s
   Uses
      At line 92 in file startup.s
      At line 271 in file startup.s

SVC_Handler 000010DE

Symbol: SVC_Handler
   Definitions
      At line 236 in file startup.s
   Uses
      At line 70 in file startup.s
      At line 237 in file startup.s

SysTick_Handler 000010E4

Symbol: SysTick_Handler
   Definitions
      At line 249 in file startup.s
   Uses
      At line 74 in file startup.s
      At line 250 in file startup.s

TIMER0_IRQHandler 000010E6

Symbol: TIMER0_IRQHandler
   Definitions
      At line 293 in file startup.s
   Uses
      At line 78 in file startup.s
      At line 257 in file startup.s

TIMER1_IRQHandler 000010E6

Symbol: TIMER1_IRQHandler
   Definitions
      At line 294 in file startup.s
   Uses
      At line 79 in file startup.s
      At line 258 in file startup.s

TIMER2_IRQHandler 000010E6

Symbol: TIMER2_IRQHandler
   Definitions
      At line 295 in file startup.s
   Uses
      At line 80 in file startup.s
      At line 259 in file startup.s

TIMER3_IRQHandler 000010E6

Symbol: TIMER3_IRQHandler
   Definitions
      At line 296 in file startup.s



ARM Macro Assembler    Page 7 Alphabetic symbol ordering
Relocatable symbols

   Uses
      At line 81 in file startup.s
      At line 260 in file startup.s

UART0_IRQHandler 000010E6

Symbol: UART0_IRQHandler
   Definitions
      At line 297 in file startup.s
   Uses
      At line 82 in file startup.s
      At line 261 in file startup.s

UART1_IRQHandler 000010E6

Symbol: UART1_IRQHandler
   Definitions
      At line 298 in file startup.s
   Uses
      At line 83 in file startup.s
      At line 262 in file startup.s

UART2_IRQHandler 000010E6

Symbol: UART2_IRQHandler
   Definitions
      At line 299 in file startup.s
   Uses
      At line 84 in file startup.s
      At line 263 in file startup.s

UART3_IRQHandler 000010E6

Symbol: UART3_IRQHandler
   Definitions
      At line 300 in file startup.s
   Uses
      At line 85 in file startup.s
      At line 264 in file startup.s

USBActivity_IRQHandler 000010E6

Symbol: USBActivity_IRQHandler
   Definitions
      At line 325 in file startup.s
   Uses
      At line 110 in file startup.s
      At line 289 in file startup.s

USB_IRQHandler 000010E6

Symbol: USB_IRQHandler
   Definitions
      At line 316 in file startup.s
   Uses
      At line 101 in file startup.s
      At line 280 in file startup.s

UsageFault_Handler 000010DC



ARM Macro Assembler    Page 8 Alphabetic symbol ordering
Relocatable symbols


Symbol: UsageFault_Handler
   Definitions
      At line 232 in file startup.s
   Uses
      At line 65 in file startup.s
      At line 233 in file startup.s

WDT_IRQHandler 000010E6

Symbol: WDT_IRQHandler
   Definitions
      At line 292 in file startup.s
   Uses
      At line 77 in file startup.s
      At line 256 in file startup.s

_Calories_food 00001080

Symbol: _Calories_food
   Definitions
      At line 197 in file startup.s
   Uses
      At line 157 in file startup.s
Comment: _Calories_food used once
_Calories_sport 000010B8

Symbol: _Calories_sport
   Definitions
      At line 200 in file startup.s
   Uses
      At line 147 in file startup.s
      At line 164 in file startup.s

_Days 00001078

Symbol: _Days
   Definitions
      At line 195 in file startup.s
   Uses
      At line 146 in file startup.s
Comment: _Days used once
_Num_days 000010D0

Symbol: _Num_days
   Definitions
      At line 202 in file startup.s
   Uses
      At line 148 in file startup.s
Comment: _Num_days used once
_Num_days_sport 000010D1

Symbol: _Num_days_sport
   Definitions
      At line 203 in file startup.s
   Uses
      At line 150 in file startup.s
Comment: _Num_days_sport used once
end_loop_calories_food 0000004A



ARM Macro Assembler    Page 9 Alphabetic symbol ordering
Relocatable symbols


Symbol: end_loop_calories_food
   Definitions
      At line 180 in file startup.s
   Uses
      None
Comment: end_loop_calories_food unused
end_loop_calories_sport 0000004A

Symbol: end_loop_calories_sport
   Definitions
      At line 178 in file startup.s
   Uses
      At line 168 in file startup.s
Comment: end_loop_calories_sport used once
end_loop_days 0000005A

Symbol: end_loop_days
   Definitions
      At line 187 in file startup.s
   Uses
      At line 154 in file startup.s
Comment: end_loop_days used once
loop_calories_food 00000020

Symbol: loop_calories_food
   Definitions
      At line 159 in file startup.s
   Uses
      At line 161 in file startup.s
Comment: loop_calories_food used once
loop_calories_sport 00000032

Symbol: loop_calories_sport
   Definitions
      At line 167 in file startup.s
   Uses
      At line 173 in file startup.s
Comment: loop_calories_sport used once
loop_days 00000016

Symbol: loop_days
   Definitions
      At line 153 in file startup.s
   Uses
      At line 186 in file startup.s
Comment: loop_days used once
stop 0000005A

Symbol: stop
   Definitions
      At line 189 in file startup.s
   Uses
      At line 189 in file startup.s
Comment: stop used once
60 symbols



ARM Macro Assembler    Page 1 Alphabetic symbol ordering
Absolute symbols

Heap_Size 00000000

Symbol: Heap_Size
   Definitions
      At line 42 in file startup.s
   Uses
      At line 46 in file startup.s
Comment: Heap_Size used once
Stack_Size 00000200

Symbol: Stack_Size
   Definitions
      At line 31 in file startup.s
   Uses
      At line 34 in file startup.s
Comment: Stack_Size used once
2 symbols
423 symbols in table
